c:\users\dima\source\repos\database\database\debug\database.pch
c:\users\dima\source\repos\database\database\debug\vc141.pdb
c:\users\dima\source\repos\database\database\debug\stdafx.obj
c:\users\dima\source\repos\database\database\debug\form1.obj
c:\users\dima\source\repos\database\database\debug\assemblyinfo.obj
c:\users\dima\source\repos\database\database\debug\.netframework,version=v4.5.2.assemblyattributes.obj
c:\users\dima\source\repos\database\database\debug\.netframework,version=v4.5.2.assemblyattributes.asm
c:\users\dima\source\repos\database\database\debug\database.form1.resources
c:\users\dima\source\repos\database\debug\database.exe
c:\users\dima\source\repos\database\debug\database.pdb
c:\users\dima\source\repos\database\database\debug\app.res
c:\users\dima\source\repos\database\database\debug\database.vcxproj.generateresource.cache
c:\users\dima\source\repos\database\database\debug\database.vcxprojassemblyreference.cache
c:\users\dima\source\repos\database\database\debug\database.tlog\cl.command.1.tlog
c:\users\dima\source\repos\database\database\debug\database.tlog\cl.read.1.tlog
c:\users\dima\source\repos\database\database\debug\database.tlog\cl.write.1.tlog
c:\users\dima\source\repos\database\database\debug\database.tlog\database.write.1u.tlog
c:\users\dima\source\repos\database\database\debug\database.tlog\link.command.1.tlog
c:\users\dima\source\repos\database\database\debug\database.tlog\link.read.1.tlog
c:\users\dima\source\repos\database\database\debug\database.tlog\link.write.1.tlog
c:\users\dima\source\repos\database\database\debug\database.tlog\metagen.read.1.tlog
c:\users\dima\source\repos\database\database\debug\database.tlog\metagen.write.1.tlog
c:\users\dima\source\repos\database\database\debug\database.tlog\rc.command.1.tlog
c:\users\dima\source\repos\database\database\debug\database.tlog\rc.read.1.tlog
c:\users\dima\source\repos\database\database\debug\database.tlog\rc.write.1.tlog
c:\users\dima\source\repos\database\database\debug\database.tlog\tzres.dll.bi
